Determining if the pthread_create exist failed with the following output:
Change Dir: /home/raoul/Documents/groovy_workspace/sandbox/se306_example/build/CMakeFiles/CMakeTmp

Run Build Command:/usr/bin/make "cmTryCompileExec242784773/fast"
make[1]: Entering directory `/home/raoul/Documents/groovy_workspace/sandbox/se306_example/build/CMakeFiles/CMakeTmp'
/usr/bin/make -f CMakeFiles/cmTryCompileExec242784773.dir/build.make CMakeFiles/cmTryCompileExec242784773.dir/build
make[2]: Entering directory `/home/raoul/Documents/groovy_workspace/sandbox/se306_example/build/CMakeFiles/CMakeTmp'
/usr/bin/cmake -E cmake_progress_report /home/raoul/Documents/groovy_workspace/sandbox/se306_example/build/CMakeFiles/CMakeTmp/CMakeFiles 1
Building C object CMakeFiles/cmTryCompileExec242784773.dir/CheckSymbolExists.c.o
/usr/bin/gcc    -o CMakeFiles/cmTryCompileExec242784773.dir/CheckSymbolExists.c.o   -c /home/raoul/Documents/groovy_workspace/sandbox/se306_example/build/CMakeFiles/CMakeTmp/CheckSymbolExists.c
Linking C executable cmTryCompileExec242784773
/usr/bin/cmake -E cmake_link_script CMakeFiles/cmTryCompileExec242784773.dir/link.txt --verbose=1
/usr/bin/gcc         CMakeFiles/cmTryCompileExec242784773.dir/CheckSymbolExists.c.o  -o cmTryCompileExec242784773 -rdynamic 
CMakeFiles/cmTryCompileExec242784773.dir/CheckSymbolExists.c.o: In function `main':
CheckSymbolExists.c:(.text+0x16): undefined reference to `pthread_create'
collect2: error: ld returned 1 exit status
make[2]: *** [cmTryCompileExec242784773] Error 1
make[2]: Leaving directory `/home/raoul/Documents/groovy_workspace/sandbox/se306_example/build/CMakeFiles/CMakeTmp'
make[1]: *** [cmTryCompileExec242784773/fast] Error 2
make[1]: Leaving directory `/home/raoul/Documents/groovy_workspace/sandbox/se306_example/build/CMakeFiles/CMakeTmp'

File /home/raoul/Documents/groovy_workspace/sandbox/se306_example/build/CMakeFiles/CMakeTmp/CheckSymbolExists.c:
/* */
#include <pthread.h>

int main(int argc, char** argv)
{
  (void)argv;
#ifndef pthread_create
  return ((int*)(&pthread_create))[argc];
#else
  (void)argc;
  return 0;
#endif
}

Determining if the function pthread_create exists in the pthreads failed with the following output:
Change Dir: /home/raoul/Documents/groovy_workspace/sandbox/se306_example/build/CMakeFiles/CMakeTmp

Run Build Command:/usr/bin/make "cmTryCompileExec652301406/fast"
make[1]: Entering directory `/home/raoul/Documents/groovy_workspace/sandbox/se306_example/build/CMakeFiles/CMakeTmp'
/usr/bin/make -f CMakeFiles/cmTryCompileExec652301406.dir/build.make CMakeFiles/cmTryCompileExec652301406.dir/build
make[2]: Entering directory `/home/raoul/Documents/groovy_workspace/sandbox/se306_example/build/CMakeFiles/CMakeTmp'
/usr/bin/cmake -E cmake_progress_report /home/raoul/Documents/groovy_workspace/sandbox/se306_example/build/CMakeFiles/CMakeTmp/CMakeFiles 1
Building C object CMakeFiles/cmTryCompileExec652301406.dir/CheckFunctionExists.c.o
/usr/bin/gcc   -DCHECK_FUNCTION_EXISTS=pthread_create   -o CMakeFiles/cmTryCompileExec652301406.dir/CheckFunctionExists.c.o   -c /usr/share/cmake-2.8/Modules/CheckFunctionExists.c
Linking C executable cmTryCompileExec652301406
/usr/bin/cmake -E cmake_link_script CMakeFiles/cmTryCompileExec652301406.dir/link.txt --verbose=1
/usr/bin/gcc     -DCHECK_FUNCTION_EXISTS=pthread_create    CMakeFiles/cmTryCompileExec652301406.dir/CheckFunctionExists.c.o  -o cmTryCompileExec652301406 -rdynamic -lpthreads 
/usr/bin/ld: cannot find -lpthreads
collect2: error: ld returned 1 exit status
make[2]: *** [cmTryCompileExec652301406] Error 1
make[2]: Leaving directory `/home/raoul/Documents/groovy_workspace/sandbox/se306_example/build/CMakeFiles/CMakeTmp'
make[1]: *** [cmTryCompileExec652301406/fast] Error 2
make[1]: Leaving directory `/home/raoul/Documents/groovy_workspace/sandbox/se306_example/build/CMakeFiles/CMakeTmp'


